{
  "RSpec": {
    "coverage": {
      "/home/mateusz/satchel/app/helpers/application_helper.rb": {
        "lines": [
          null,
          null,
          null,
          1,
          null
        ]
      },
      "/home/mateusz/satchel/app/models/item.rb": {
        "lines": [
          null,
          null,
          null,
          1,
          1,
          1,
          null,
          1,
          null,
          9,
          4,
          4,
          4,
          4,
          null,
          1,
          1,
          2,
          null,
          null,
          1,
          1,
          null,
          null,
          1,
          12,
          null,
          9,
          null,
          null,
          1,
          11,
          null,
          8,
          null,
          null,
          null
        ]
      },
      "/home/mateusz/satchel/app/models/application_record.rb": {
        "lines": [
          null,
          null,
          null,
          1,
          1,
          null
        ]
      },
      "/home/mateusz/satchel/app/controllers/items_controller.rb": {
        "lines": [
          null,
          null,
          null,
          1,
          1,
          5,
          25,
          null,
          5,
          null,
          3,
          null,
          null,
          1,
          7,
          null,
          2,
          null,
          3,
          null,
          null,
          1,
          5,
          null,
          3,
          null,
          null,
          1,
          7,
          null,
          2,
          null,
          3,
          null,
          null,
          1,
          9,
          6,
          3,
          3,
          null,
          3,
          null,
          3,
          null,
          null,
          1,
          9,
          4,
          2,
          null,
          2,
          null,
          2,
          null,
          3,
          null,
          null,
          1,
          7,
          2,
          null,
          2,
          null,
          3,
          null,
          null,
          1,
          null,
          1,
          13,
          null,
          null,
          1,
          5,
          null,
          null,
          null,
          1,
          5,
          null,
          null,
          null,
          null,
          null
        ]
      },
      "/home/mateusz/satchel/app/controllers/application_controller.rb": {
        "lines": [
          null,
          null,
          null,
          1,
          1,
          null,
          1,
          21,
          21,
          null,
          null,
          1,
          8,
          null,
          null
        ]
      }
    },
    "timestamp": 1699600921
  }
}
